  04.PrintNameOfNumbers.cpp
C:\Users\dmilkov\Documents\donchos\source\CppFundamentals\Functions - Exercises\04.PrintNameOfNumbers\04.PrintNameOfNumbers\04.PrintNameOfNumbers.cpp(100,2): error C2059: syntax error: 'case'
C:\Users\dmilkov\Documents\donchos\source\CppFundamentals\Functions - Exercises\04.PrintNameOfNumbers\04.PrintNameOfNumbers\04.PrintNameOfNumbers.cpp(100,19): error C4430: missing type specifier - int assumed. Note: C++ does not support default-int
C:\Users\dmilkov\Documents\donchos\source\CppFundamentals\Functions - Exercises\04.PrintNameOfNumbers\04.PrintNameOfNumbers\04.PrintNameOfNumbers.cpp(100,24): error C2440: 'initializing': cannot convert from 'const char [4]' to 'int'
C:\Users\dmilkov\Documents\donchos\source\CppFundamentals\Functions - Exercises\04.PrintNameOfNumbers\04.PrintNameOfNumbers\04.PrintNameOfNumbers.cpp(100,17): message : There is no context in which this conversion is possible
C:\Users\dmilkov\Documents\donchos\source\CppFundamentals\Functions - Exercises\04.PrintNameOfNumbers\04.PrintNameOfNumbers\04.PrintNameOfNumbers.cpp(100,26): error C2059: syntax error: 'break'
C:\Users\dmilkov\Documents\donchos\source\CppFundamentals\Functions - Exercises\04.PrintNameOfNumbers\04.PrintNameOfNumbers\04.PrintNameOfNumbers.cpp(101,2): error C2059: syntax error: 'case'
C:\Users\dmilkov\Documents\donchos\source\CppFundamentals\Functions - Exercises\04.PrintNameOfNumbers\04.PrintNameOfNumbers\04.PrintNameOfNumbers.cpp(101,19): error C4430: missing type specifier - int assumed. Note: C++ does not support default-int
C:\Users\dmilkov\Documents\donchos\source\CppFundamentals\Functions - Exercises\04.PrintNameOfNumbers\04.PrintNameOfNumbers\04.PrintNameOfNumbers.cpp(101,10): error C2374: 'result': redefinition; multiple initialization
C:\Users\dmilkov\Documents\donchos\source\CppFundamentals\Functions - Exercises\04.PrintNameOfNumbers\04.PrintNameOfNumbers\04.PrintNameOfNumbers.cpp(100): message : see declaration of 'result'
C:\Users\dmilkov\Documents\donchos\source\CppFundamentals\Functions - Exercises\04.PrintNameOfNumbers\04.PrintNameOfNumbers\04.PrintNameOfNumbers.cpp(101,28): error C2059: syntax error: 'break'
C:\Users\dmilkov\Documents\donchos\source\CppFundamentals\Functions - Exercises\04.PrintNameOfNumbers\04.PrintNameOfNumbers\04.PrintNameOfNumbers.cpp(102,2): error C2059: syntax error: 'case'
C:\Users\dmilkov\Documents\donchos\source\CppFundamentals\Functions - Exercises\04.PrintNameOfNumbers\04.PrintNameOfNumbers\04.PrintNameOfNumbers.cpp(102,19): error C4430: missing type specifier - int assumed. Note: C++ does not support default-int
C:\Users\dmilkov\Documents\donchos\source\CppFundamentals\Functions - Exercises\04.PrintNameOfNumbers\04.PrintNameOfNumbers\04.PrintNameOfNumbers.cpp(102,10): error C2374: 'result': redefinition; multiple initialization
C:\Users\dmilkov\Documents\donchos\source\CppFundamentals\Functions - Exercises\04.PrintNameOfNumbers\04.PrintNameOfNumbers\04.PrintNameOfNumbers.cpp(100): message : see declaration of 'result'
C:\Users\dmilkov\Documents\donchos\source\CppFundamentals\Functions - Exercises\04.PrintNameOfNumbers\04.PrintNameOfNumbers\04.PrintNameOfNumbers.cpp(102,27): error C2059: syntax error: 'break'
C:\Users\dmilkov\Documents\donchos\source\CppFundamentals\Functions - Exercises\04.PrintNameOfNumbers\04.PrintNameOfNumbers\04.PrintNameOfNumbers.cpp(103,2): error C2059: syntax error: 'case'
C:\Users\dmilkov\Documents\donchos\source\CppFundamentals\Functions - Exercises\04.PrintNameOfNumbers\04.PrintNameOfNumbers\04.PrintNameOfNumbers.cpp(103,19): error C4430: missing type specifier - int assumed. Note: C++ does not support default-int
C:\Users\dmilkov\Documents\donchos\source\CppFundamentals\Functions - Exercises\04.PrintNameOfNumbers\04.PrintNameOfNumbers\04.PrintNameOfNumbers.cpp(103,10): error C2374: 'result': redefinition; multiple initialization
C:\Users\dmilkov\Documents\donchos\source\CppFundamentals\Functions - Exercises\04.PrintNameOfNumbers\04.PrintNameOfNumbers\04.PrintNameOfNumbers.cpp(100): message : see declaration of 'result'
C:\Users\dmilkov\Documents\donchos\source\CppFundamentals\Functions - Exercises\04.PrintNameOfNumbers\04.PrintNameOfNumbers\04.PrintNameOfNumbers.cpp(103,27): error C2059: syntax error: 'break'
C:\Users\dmilkov\Documents\donchos\source\CppFundamentals\Functions - Exercises\04.PrintNameOfNumbers\04.PrintNameOfNumbers\04.PrintNameOfNumbers.cpp(104,2): error C2059: syntax error: 'case'
C:\Users\dmilkov\Documents\donchos\source\CppFundamentals\Functions - Exercises\04.PrintNameOfNumbers\04.PrintNameOfNumbers\04.PrintNameOfNumbers.cpp(104,19): error C4430: missing type specifier - int assumed. Note: C++ does not support default-int
C:\Users\dmilkov\Documents\donchos\source\CppFundamentals\Functions - Exercises\04.PrintNameOfNumbers\04.PrintNameOfNumbers\04.PrintNameOfNumbers.cpp(104,10): error C2374: 'result': redefinition; multiple initialization
C:\Users\dmilkov\Documents\donchos\source\CppFundamentals\Functions - Exercises\04.PrintNameOfNumbers\04.PrintNameOfNumbers\04.PrintNameOfNumbers.cpp(100): message : see declaration of 'result'
C:\Users\dmilkov\Documents\donchos\source\CppFundamentals\Functions - Exercises\04.PrintNameOfNumbers\04.PrintNameOfNumbers\04.PrintNameOfNumbers.cpp(104,26): error C2059: syntax error: 'break'
C:\Users\dmilkov\Documents\donchos\source\CppFundamentals\Functions - Exercises\04.PrintNameOfNumbers\04.PrintNameOfNumbers\04.PrintNameOfNumbers.cpp(105,2): error C2059: syntax error: 'case'
C:\Users\dmilkov\Documents\donchos\source\CppFundamentals\Functions - Exercises\04.PrintNameOfNumbers\04.PrintNameOfNumbers\04.PrintNameOfNumbers.cpp(105,19): error C4430: missing type specifier - int assumed. Note: C++ does not support default-int
C:\Users\dmilkov\Documents\donchos\source\CppFundamentals\Functions - Exercises\04.PrintNameOfNumbers\04.PrintNameOfNumbers\04.PrintNameOfNumbers.cpp(105,10): error C2374: 'result': redefinition; multiple initialization
C:\Users\dmilkov\Documents\donchos\source\CppFundamentals\Functions - Exercises\04.PrintNameOfNumbers\04.PrintNameOfNumbers\04.PrintNameOfNumbers.cpp(100): message : see declaration of 'result'
C:\Users\dmilkov\Documents\donchos\source\CppFundamentals\Functions - Exercises\04.PrintNameOfNumbers\04.PrintNameOfNumbers\04.PrintNameOfNumbers.cpp(105,28): error C2059: syntax error: 'break'
C:\Users\dmilkov\Documents\donchos\source\CppFundamentals\Functions - Exercises\04.PrintNameOfNumbers\04.PrintNameOfNumbers\04.PrintNameOfNumbers.cpp(106,2): error C2059: syntax error: 'case'
C:\Users\dmilkov\Documents\donchos\source\CppFundamentals\Functions - Exercises\04.PrintNameOfNumbers\04.PrintNameOfNumbers\04.PrintNameOfNumbers.cpp(106,19): error C4430: missing type specifier - int assumed. Note: C++ does not support default-int
C:\Users\dmilkov\Documents\donchos\source\CppFundamentals\Functions - Exercises\04.PrintNameOfNumbers\04.PrintNameOfNumbers\04.PrintNameOfNumbers.cpp(106,10): error C2374: 'result': redefinition; multiple initialization
C:\Users\dmilkov\Documents\donchos\source\CppFundamentals\Functions - Exercises\04.PrintNameOfNumbers\04.PrintNameOfNumbers\04.PrintNameOfNumbers.cpp(100): message : see declaration of 'result'
C:\Users\dmilkov\Documents\donchos\source\CppFundamentals\Functions - Exercises\04.PrintNameOfNumbers\04.PrintNameOfNumbers\04.PrintNameOfNumbers.cpp(106,28): error C2059: syntax error: 'break'
C:\Users\dmilkov\Documents\donchos\source\CppFundamentals\Functions - Exercises\04.PrintNameOfNumbers\04.PrintNameOfNumbers\04.PrintNameOfNumbers.cpp(107,2): error C2059: syntax error: 'case'
C:\Users\dmilkov\Documents\donchos\source\CppFundamentals\Functions - Exercises\04.PrintNameOfNumbers\04.PrintNameOfNumbers\04.PrintNameOfNumbers.cpp(107,19): error C4430: missing type specifier - int assumed. Note: C++ does not support default-int
C:\Users\dmilkov\Documents\donchos\source\CppFundamentals\Functions - Exercises\04.PrintNameOfNumbers\04.PrintNameOfNumbers\04.PrintNameOfNumbers.cpp(107,10): error C2374: 'result': redefinition; multiple initialization
C:\Users\dmilkov\Documents\donchos\source\CppFundamentals\Functions - Exercises\04.PrintNameOfNumbers\04.PrintNameOfNumbers\04.PrintNameOfNumbers.cpp(100): message : see declaration of 'result'
C:\Users\dmilkov\Documents\donchos\source\CppFundamentals\Functions - Exercises\04.PrintNameOfNumbers\04.PrintNameOfNumbers\04.PrintNameOfNumbers.cpp(107,27): error C2059: syntax error: 'break'
C:\Users\dmilkov\Documents\donchos\source\CppFundamentals\Functions - Exercises\04.PrintNameOfNumbers\04.PrintNameOfNumbers\04.PrintNameOfNumbers.cpp(108,2): error C2059: syntax error: 'case'
C:\Users\dmilkov\Documents\donchos\source\CppFundamentals\Functions - Exercises\04.PrintNameOfNumbers\04.PrintNameOfNumbers\04.PrintNameOfNumbers.cpp(108,19): error C4430: missing type specifier - int assumed. Note: C++ does not support default-int
C:\Users\dmilkov\Documents\donchos\source\CppFundamentals\Functions - Exercises\04.PrintNameOfNumbers\04.PrintNameOfNumbers\04.PrintNameOfNumbers.cpp(108,10): error C2374: 'result': redefinition; multiple initialization
C:\Users\dmilkov\Documents\donchos\source\CppFundamentals\Functions - Exercises\04.PrintNameOfNumbers\04.PrintNameOfNumbers\04.PrintNameOfNumbers.cpp(100): message : see declaration of 'result'
C:\Users\dmilkov\Documents\donchos\source\CppFundamentals\Functions - Exercises\04.PrintNameOfNumbers\04.PrintNameOfNumbers\04.PrintNameOfNumbers.cpp(108,26): error C2059: syntax error: 'break'
C:\Users\dmilkov\Documents\donchos\source\CppFundamentals\Functions - Exercises\04.PrintNameOfNumbers\04.PrintNameOfNumbers\04.PrintNameOfNumbers.cpp(109,2): error C2059: syntax error: 'case'
C:\Users\dmilkov\Documents\donchos\source\CppFundamentals\Functions - Exercises\04.PrintNameOfNumbers\04.PrintNameOfNumbers\04.PrintNameOfNumbers.cpp(109,19): error C4430: missing type specifier - int assumed. Note: C++ does not support default-int
C:\Users\dmilkov\Documents\donchos\source\CppFundamentals\Functions - Exercises\04.PrintNameOfNumbers\04.PrintNameOfNumbers\04.PrintNameOfNumbers.cpp(109,10): error C2374: 'result': redefinition; multiple initialization
C:\Users\dmilkov\Documents\donchos\source\CppFundamentals\Functions - Exercises\04.PrintNameOfNumbers\04.PrintNameOfNumbers\04.PrintNameOfNumbers.cpp(100): message : see declaration of 'result'
C:\Users\dmilkov\Documents\donchos\source\CppFundamentals\Functions - Exercises\04.PrintNameOfNumbers\04.PrintNameOfNumbers\04.PrintNameOfNumbers.cpp(109,29): error C2059: syntax error: 'break'
C:\Users\dmilkov\Documents\donchos\source\CppFundamentals\Functions - Exercises\04.PrintNameOfNumbers\04.PrintNameOfNumbers\04.PrintNameOfNumbers.cpp(110,2): error C2059: syntax error: 'case'
C:\Users\dmilkov\Documents\donchos\source\CppFundamentals\Functions - Exercises\04.PrintNameOfNumbers\04.PrintNameOfNumbers\04.PrintNameOfNumbers.cpp(110,19): error C4430: missing type specifier - int assumed. Note: C++ does not support default-int
C:\Users\dmilkov\Documents\donchos\source\CppFundamentals\Functions - Exercises\04.PrintNameOfNumbers\04.PrintNameOfNumbers\04.PrintNameOfNumbers.cpp(110,10): error C2374: 'result': redefinition; multiple initialization
C:\Users\dmilkov\Documents\donchos\source\CppFundamentals\Functions - Exercises\04.PrintNameOfNumbers\04.PrintNameOfNumbers\04.PrintNameOfNumbers.cpp(100): message : see declaration of 'result'
C:\Users\dmilkov\Documents\donchos\source\CppFundamentals\Functions - Exercises\04.PrintNameOfNumbers\04.PrintNameOfNumbers\04.PrintNameOfNumbers.cpp(110,29): error C2059: syntax error: 'break'
C:\Users\dmilkov\Documents\donchos\source\CppFundamentals\Functions - Exercises\04.PrintNameOfNumbers\04.PrintNameOfNumbers\04.PrintNameOfNumbers.cpp(111,2): error C2059: syntax error: 'case'
C:\Users\dmilkov\Documents\donchos\source\CppFundamentals\Functions - Exercises\04.PrintNameOfNumbers\04.PrintNameOfNumbers\04.PrintNameOfNumbers.cpp(111,19): error C4430: missing type specifier - int assumed. Note: C++ does not support default-int
C:\Users\dmilkov\Documents\donchos\source\CppFundamentals\Functions - Exercises\04.PrintNameOfNumbers\04.PrintNameOfNumbers\04.PrintNameOfNumbers.cpp(111,10): error C2374: 'result': redefinition; multiple initialization
C:\Users\dmilkov\Documents\donchos\source\CppFundamentals\Functions - Exercises\04.PrintNameOfNumbers\04.PrintNameOfNumbers\04.PrintNameOfNumbers.cpp(100): message : see declaration of 'result'
C:\Users\dmilkov\Documents\donchos\source\CppFundamentals\Functions - Exercises\04.PrintNameOfNumbers\04.PrintNameOfNumbers\04.PrintNameOfNumbers.cpp(111,31): error C2059: syntax error: 'break'
C:\Users\dmilkov\Documents\donchos\source\CppFundamentals\Functions - Exercises\04.PrintNameOfNumbers\04.PrintNameOfNumbers\04.PrintNameOfNumbers.cpp(112,2): error C2059: syntax error: 'case'
C:\Users\dmilkov\Documents\donchos\source\CppFundamentals\Functions - Exercises\04.PrintNameOfNumbers\04.PrintNameOfNumbers\04.PrintNameOfNumbers.cpp(112,19): error C4430: missing type specifier - int assumed. Note: C++ does not support default-int
C:\Users\dmilkov\Documents\donchos\source\CppFundamentals\Functions - Exercises\04.PrintNameOfNumbers\04.PrintNameOfNumbers\04.PrintNameOfNumbers.cpp(112,10): error C2374: 'result': redefinition; multiple initialization
C:\Users\dmilkov\Documents\donchos\source\CppFundamentals\Functions - Exercises\04.PrintNameOfNumbers\04.PrintNameOfNumbers\04.PrintNameOfNumbers.cpp(100): message : see declaration of 'result'
C:\Users\dmilkov\Documents\donchos\source\CppFundamentals\Functions - Exercises\04.PrintNameOfNumbers\04.PrintNameOfNumbers\04.PrintNameOfNumbers.cpp(112,31): error C2059: syntax error: 'break'
C:\Users\dmilkov\Documents\donchos\source\CppFundamentals\Functions - Exercises\04.PrintNameOfNumbers\04.PrintNameOfNumbers\04.PrintNameOfNumbers.cpp(113,2): error C2059: syntax error: 'case'
C:\Users\dmilkov\Documents\donchos\source\CppFundamentals\Functions - Exercises\04.PrintNameOfNumbers\04.PrintNameOfNumbers\04.PrintNameOfNumbers.cpp(113,19): error C4430: missing type specifier - int assumed. Note: C++ does not support default-int
C:\Users\dmilkov\Documents\donchos\source\CppFundamentals\Functions - Exercises\04.PrintNameOfNumbers\04.PrintNameOfNumbers\04.PrintNameOfNumbers.cpp(113,10): error C2374: 'result': redefinition; multiple initialization
C:\Users\dmilkov\Documents\donchos\source\CppFundamentals\Functions - Exercises\04.PrintNameOfNumbers\04.PrintNameOfNumbers\04.PrintNameOfNumbers.cpp(100): message : see declaration of 'result'
C:\Users\dmilkov\Documents\donchos\source\CppFundamentals\Functions - Exercises\04.PrintNameOfNumbers\04.PrintNameOfNumbers\04.PrintNameOfNumbers.cpp(113,30): error C2059: syntax error: 'break'
C:\Users\dmilkov\Documents\donchos\source\CppFundamentals\Functions - Exercises\04.PrintNameOfNumbers\04.PrintNameOfNumbers\04.PrintNameOfNumbers.cpp(114,2): error C2059: syntax error: 'case'
C:\Users\dmilkov\Documents\donchos\source\CppFundamentals\Functions - Exercises\04.PrintNameOfNumbers\04.PrintNameOfNumbers\04.PrintNameOfNumbers.cpp(114,19): error C4430: missing type specifier - int assumed. Note: C++ does not support default-int
C:\Users\dmilkov\Documents\donchos\source\CppFundamentals\Functions - Exercises\04.PrintNameOfNumbers\04.PrintNameOfNumbers\04.PrintNameOfNumbers.cpp(114,10): error C2374: 'result': redefinition; multiple initialization
C:\Users\dmilkov\Documents\donchos\source\CppFundamentals\Functions - Exercises\04.PrintNameOfNumbers\04.PrintNameOfNumbers\04.PrintNameOfNumbers.cpp(100): message : see declaration of 'result'
C:\Users\dmilkov\Documents\donchos\source\CppFundamentals\Functions - Exercises\04.PrintNameOfNumbers\04.PrintNameOfNumbers\04.PrintNameOfNumbers.cpp(114,30): error C2059: syntax error: 'break'
C:\Users\dmilkov\Documents\donchos\source\CppFundamentals\Functions - Exercises\04.PrintNameOfNumbers\04.PrintNameOfNumbers\04.PrintNameOfNumbers.cpp(115,2): error C2059: syntax error: 'case'
C:\Users\dmilkov\Documents\donchos\source\CppFundamentals\Functions - Exercises\04.PrintNameOfNumbers\04.PrintNameOfNumbers\04.PrintNameOfNumbers.cpp(115,19): error C4430: missing type specifier - int assumed. Note: C++ does not support default-int
C:\Users\dmilkov\Documents\donchos\source\CppFundamentals\Functions - Exercises\04.PrintNameOfNumbers\04.PrintNameOfNumbers\04.PrintNameOfNumbers.cpp(115,10): error C2374: 'result': redefinition; multiple initialization
C:\Users\dmilkov\Documents\donchos\source\CppFundamentals\Functions - Exercises\04.PrintNameOfNumbers\04.PrintNameOfNumbers\04.PrintNameOfNumbers.cpp(100): message : see declaration of 'result'
C:\Users\dmilkov\Documents\donchos\source\CppFundamentals\Functions - Exercises\04.PrintNameOfNumbers\04.PrintNameOfNumbers\04.PrintNameOfNumbers.cpp(115,32): error C2059: syntax error: 'break'
C:\Users\dmilkov\Documents\donchos\source\CppFundamentals\Functions - Exercises\04.PrintNameOfNumbers\04.PrintNameOfNumbers\04.PrintNameOfNumbers.cpp(116,2): error C2059: syntax error: 'case'
C:\Users\dmilkov\Documents\donchos\source\CppFundamentals\Functions - Exercises\04.PrintNameOfNumbers\04.PrintNameOfNumbers\04.PrintNameOfNumbers.cpp(116,19): error C4430: missing type specifier - int assumed. Note: C++ does not support default-int
C:\Users\dmilkov\Documents\donchos\source\CppFundamentals\Functions - Exercises\04.PrintNameOfNumbers\04.PrintNameOfNumbers\04.PrintNameOfNumbers.cpp(116,10): error C2374: 'result': redefinition; multiple initialization
C:\Users\dmilkov\Documents\donchos\source\CppFundamentals\Functions - Exercises\04.PrintNameOfNumbers\04.PrintNameOfNumbers\04.PrintNameOfNumbers.cpp(100): message : see declaration of 'result'
C:\Users\dmilkov\Documents\donchos\source\CppFundamentals\Functions - Exercises\04.PrintNameOfNumbers\04.PrintNameOfNumbers\04.PrintNameOfNumbers.cpp(116,31): error C2059: syntax error: 'break'
C:\Users\dmilkov\Documents\donchos\source\CppFundamentals\Functions - Exercises\04.PrintNameOfNumbers\04.PrintNameOfNumbers\04.PrintNameOfNumbers.cpp(117,2): error C2059: syntax error: 'case'
C:\Users\dmilkov\Documents\donchos\source\CppFundamentals\Functions - Exercises\04.PrintNameOfNumbers\04.PrintNameOfNumbers\04.PrintNameOfNumbers.cpp(117,19): error C4430: missing type specifier - int assumed. Note: C++ does not support default-int
C:\Users\dmilkov\Documents\donchos\source\CppFundamentals\Functions - Exercises\04.PrintNameOfNumbers\04.PrintNameOfNumbers\04.PrintNameOfNumbers.cpp(117,10): error C2374: 'result': redefinition; multiple initialization
C:\Users\dmilkov\Documents\donchos\source\CppFundamentals\Functions - Exercises\04.PrintNameOfNumbers\04.PrintNameOfNumbers\04.PrintNameOfNumbers.cpp(100): message : see declaration of 'result'
C:\Users\dmilkov\Documents\donchos\source\CppFundamentals\Functions - Exercises\04.PrintNameOfNumbers\04.PrintNameOfNumbers\04.PrintNameOfNumbers.cpp(117,30): error C2059: syntax error: 'break'
C:\Users\dmilkov\Documents\donchos\source\CppFundamentals\Functions - Exercises\04.PrintNameOfNumbers\04.PrintNameOfNumbers\04.PrintNameOfNumbers.cpp(118,2): error C2059: syntax error: '}'
C:\Users\dmilkov\Documents\donchos\source\CppFundamentals\Functions - Exercises\04.PrintNameOfNumbers\04.PrintNameOfNumbers\04.PrintNameOfNumbers.cpp(118,2): error C2143: syntax error: missing ';' before '}'
C:\Users\dmilkov\Documents\donchos\source\CppFundamentals\Functions - Exercises\04.PrintNameOfNumbers\04.PrintNameOfNumbers\04.PrintNameOfNumbers.cpp(120,1): error C2059: syntax error: '}'
C:\Users\dmilkov\Documents\donchos\source\CppFundamentals\Functions - Exercises\04.PrintNameOfNumbers\04.PrintNameOfNumbers\04.PrintNameOfNumbers.cpp(120,1): error C2143: syntax error: missing ';' before '}'
C:\Users\dmilkov\Documents\donchos\source\CppFundamentals\Functions - Exercises\04.PrintNameOfNumbers\04.PrintNameOfNumbers\04.PrintNameOfNumbers.cpp(122,31): error C2143: syntax error: missing ';' before '{'
C:\Users\dmilkov\Documents\donchos\source\CppFundamentals\Functions - Exercises\04.PrintNameOfNumbers\04.PrintNameOfNumbers\04.PrintNameOfNumbers.cpp(122,31): error C2447: '{': missing function header (old-style formal list?)
C:\Users\dmilkov\Documents\donchos\source\CppFundamentals\Functions - Exercises\04.PrintNameOfNumbers\04.PrintNameOfNumbers\04.PrintNameOfNumbers.cpp(170,5): error C2084: function 'int main(void)' already has a body
C:\Users\dmilkov\Documents\donchos\source\CppFundamentals\Functions - Exercises\04.PrintNameOfNumbers\04.PrintNameOfNumbers\04.PrintNameOfNumbers.cpp(91): message : see previous definition of 'main'
