  01.CountRealNumbers.cpp
C:\Program Files (x86)\Microsoft Visual Studio\2019\Community\VC\Tools\MSVC\14.29.30133\include\xtree(1279,36): error C2100: illegal indirection
C:\Users\dmilkov\Documents\donchos\source\CppAdvanced\Map and Set - Exercise\01.CountRealNumbers\01.CountRealNumbers\01.CountRealNumbers.cpp(24): message : see reference to function template instantiation 'void std::_Tree<std::_Tmap_traits<_Kty,_Ty,_Pr,_Alloc,false>>::insert<int>(_Iter,_Iter)' being compiled
          with
          [
              _Kty=int,
              _Ty=int,
              _Pr=std::less<int>,
              _Alloc=std::allocator<std::pair<const int,int>>,
              _Iter=int
          ]
C:\Users\dmilkov\Documents\donchos\source\CppAdvanced\Map and Set - Exercise\01.CountRealNumbers\01.CountRealNumbers\01.CountRealNumbers.cpp(24): message : see reference to function template instantiation 'void std::_Tree<std::_Tmap_traits<_Kty,_Ty,_Pr,_Alloc,false>>::insert<int>(_Iter,_Iter)' being compiled
          with
          [
              _Kty=int,
              _Ty=int,
              _Pr=std::less<int>,
              _Alloc=std::allocator<std::pair<const int,int>>,
              _Iter=int
          ]
